<?xml version="1.0" encoding="UTF-8"?>
<testng-results skipped="0" failed="0" ignored="0" total="1" passed="1">
  <reporter-output>
  </reporter-output>
  <suite name="Suite" duration-ms="6897" started-at="2021-07-14T14:41:18 IST" finished-at="2021-07-14T14:41:25 IST">
    <groups>
      <group name="cucumber">
        <method signature="AbstractTestNGCucumberTests.runScenario(io.cucumber.testng.PickleWrapper, io.cucumber.testng.FeatureWrapper)[pri:0, instance:testrunner.TestRunner@5f282abb]" name="runScenario" class="io.cucumber.testng.AbstractTestNGCucumberTests"/>
      </group> <!-- cucumber -->
    </groups>
    <test name="Test" duration-ms="6897" started-at="2021-07-14T14:41:18 IST" finished-at="2021-07-14T14:41:25 IST">
      <class name="testrunner.TestRunner">
        <test-method status="PASS" signature="startTest()[pri:0, instance:testrunner.TestRunner@5f282abb]" name="startTest" is-config="true" duration-ms="1020" started-at="2021-07-14T14:41:17 IST" finished-at="2021-07-14T14:41:18 IST">
          <reporter-output>
          </reporter-output>
        </test-method> <!-- startTest -->
        <test-method status="PASS" signature="setUpClass()[pri:0, instance:testrunner.TestRunner@5f282abb]" name="setUpClass" is-config="true" duration-ms="5578" started-at="2021-07-14T14:41:18 IST" finished-at="2021-07-14T14:41:24 IST">
          <reporter-output>
          </reporter-output>
        </test-method> <!-- setUpClass -->
        <test-method status="PASS" signature="runScenario(io.cucumber.testng.PickleWrapper, io.cucumber.testng.FeatureWrapper)[pri:0, instance:testrunner.TestRunner@5f282abb]" name="runScenario" duration-ms="690" started-at="2021-07-14T14:41:24 IST" description="Runs Cucumber Scenarios" data-provider="scenarios" finished-at="2021-07-14T14:41:25 IST">
          <params>
            <param index="0">
              <value>
                <![CDATA["Validate SBDB Close-Approach Data API for date min and date max"]]>
              </value>
            </param>
            <param index="1">
              <value>
                <![CDATA["Optional[To Validate SBDB Close-Approach Data API]"]]>
              </value>
            </param>
          </params>
          <reporter-output>
          </reporter-output>
        </test-method> <!-- runScenario -->
        <test-method status="PASS" signature="tearDownClass()[pri:0, instance:testrunner.TestRunner@5f282abb]" name="tearDownClass" is-config="true" duration-ms="425" started-at="2021-07-14T14:41:25 IST" finished-at="2021-07-14T14:41:25 IST">
          <reporter-output>
          </reporter-output>
        </test-method> <!-- tearDownClass -->
        <test-method status="PASS" signature="endTest()[pri:0, instance:testrunner.TestRunner@5f282abb]" name="endTest" is-config="true" duration-ms="652" started-at="2021-07-14T14:41:25 IST" finished-at="2021-07-14T14:41:26 IST">
          <reporter-output>
          </reporter-output>
        </test-method> <!-- endTest -->
      </class> <!-- testrunner.TestRunner -->
    </test> <!-- Test -->
  </suite> <!-- Suite -->
</testng-results>
