<?xml version="1.0" encoding="UTF-8"?>
<testng-results skipped="0" failed="0" ignored="0" total="1" passed="1">
  <reporter-output>
  </reporter-output>
  <suite name="Suite" duration-ms="13565" started-at="2021-07-16T03:27:36 IST" finished-at="2021-07-16T03:27:50 IST">
    <groups>
      <group name="cucumber">
        <method signature="AbstractTestNGCucumberTests.runScenario(io.cucumber.testng.PickleWrapper, io.cucumber.testng.FeatureWrapper)[pri:0, instance:testrunner.TestRunner@528931cf]" name="runScenario" class="io.cucumber.testng.AbstractTestNGCucumberTests"/>
      </group> <!-- cucumber -->
    </groups>
    <test name="Test" duration-ms="13565" started-at="2021-07-16T03:27:36 IST" finished-at="2021-07-16T03:27:50 IST">
      <class name="testrunner.TestRunner">
        <test-method status="PASS" signature="startTest()[pri:0, instance:testrunner.TestRunner@528931cf]" name="startTest" is-config="true" duration-ms="181" started-at="2021-07-16T03:27:36 IST" finished-at="2021-07-16T03:27:36 IST">
          <reporter-output>
          </reporter-output>
        </test-method> <!-- startTest -->
        <test-method status="PASS" signature="setUpClass()[pri:0, instance:testrunner.TestRunner@528931cf]" name="setUpClass" is-config="true" duration-ms="680" started-at="2021-07-16T03:27:37 IST" finished-at="2021-07-16T03:27:37 IST">
          <reporter-output>
          </reporter-output>
        </test-method> <!-- setUpClass -->
        <test-method status="PASS" signature="runScenario(io.cucumber.testng.PickleWrapper, io.cucumber.testng.FeatureWrapper)[pri:0, instance:testrunner.TestRunner@528931cf]" name="runScenario" duration-ms="12140" started-at="2021-07-16T03:27:37 IST" description="Runs Cucumber Scenarios" data-provider="scenarios" finished-at="2021-07-16T03:27:49 IST">
          <params>
            <param index="0">
              <value>
                <![CDATA["Validate the API as per the given inputs"]]>
              </value>
            </param>
            <param index="1">
              <value>
                <![CDATA["Optional[To Validate SBDB Close-Approach Data API]"]]>
              </value>
            </param>
          </params>
          <reporter-output>
          </reporter-output>
        </test-method> <!-- runScenario -->
        <test-method status="PASS" signature="tearDownClass()[pri:0, instance:testrunner.TestRunner@528931cf]" name="tearDownClass" is-config="true" duration-ms="683" started-at="2021-07-16T03:27:49 IST" finished-at="2021-07-16T03:27:50 IST">
          <reporter-output>
          </reporter-output>
        </test-method> <!-- tearDownClass -->
        <test-method status="PASS" signature="endTest()[pri:0, instance:testrunner.TestRunner@528931cf]" name="endTest" is-config="true" duration-ms="588" started-at="2021-07-16T03:27:50 IST" finished-at="2021-07-16T03:27:51 IST">
          <reporter-output>
          </reporter-output>
        </test-method> <!-- endTest -->
      </class> <!-- testrunner.TestRunner -->
    </test> <!-- Test -->
  </suite> <!-- Suite -->
</testng-results>
